Multiboot flags: 0x7EF
Low memory: 636Kb, upper memory:31680Kb
Boot device:0x0
Detecting memory:
	base_addr = 0x00, length = 0x09f000, type = 0x1
	base_addr = 0x09f000, length = 0x01000, type = 0x2
	base_addr = 0x0e8000, length = 0x018000, type = 0x2
	base_addr = 0x0100000, length = 0x01ef0000, type = 0x1
	base_addr = 0x01ff0000, length = 0x010000, type = 0x3
	base_addr = 0x0fffc0000, length = 0x040000, type = 0x2
cOSiris
Kernel info:
	code start: 0x100000, start entry: 0x100780, data start: 0x106180
	bss start: 0x108000, end: 0x10D000, total size: 53248 bytes
	stack: 00000000, size: 00000000
Setup gdt entries
Setup idt entries
Setup isr
Setup irq
Setup timer
Calibrating delay loop: 2496 loops/ms
Setup keyboard
Modules: 1
Setup paging
Available memory: 8060 pages, 31 MB
Setup initial heap, at: 0xD0000000, initial size: 0x10000
Curr dir at: 01FEF000
Initrd init
Syscall Init
Loading /init at address 10000000, length:1052
0x1
pid: 1, ppid: 0, ring: 3, pd: 01fef000
pid: 2, ppid: 1, ring: 3, pd: 01fd3000
0x2
pid 2 exited with status: 0
pid 1 exited with status: 1
1 Shut dow